================================================
Job ID: 337, Array ID: 8
Task: bbh
================================================

Running standard model on bbh...
Generation params: gen_length=1024, steps=1024, block_length=1024, block_size=128
Traceback (most recent call last):
  File "/home/qiheng/.local/bin/accelerate", line 5, in <module>
    from accelerate.commands.accelerate_cli import main
  File "/home/qiheng/.local/lib/python3.10/site-packages/accelerate/__init__.py", line 16, in <module>
    from .accelerator import Accelerator
  File "/home/qiheng/.local/lib/python3.10/site-packages/accelerate/accelerator.py", line 31, in <module>
    import torch
  File "/home/qiheng/.local/lib/python3.10/site-packages/torch/__init__.py", line 38, in <module>
    from typing_extensions import ParamSpec as _ParamSpec
ModuleNotFoundError: No module named 'typing_extensions'
Completed standard model on bbh

Running sparse model on bbh...
Generation params: gen_length=1024, steps=1024, block_length=1024, block_size=128
Traceback (most recent call last):
  File "/home/qiheng/.local/bin/accelerate", line 5, in <module>
    from accelerate.commands.accelerate_cli import main
  File "/home/qiheng/.local/lib/python3.10/site-packages/accelerate/__init__.py", line 16, in <module>
    from .accelerator import Accelerator
  File "/home/qiheng/.local/lib/python3.10/site-packages/accelerate/accelerator.py", line 31, in <module>
    import torch
  File "/home/qiheng/.local/lib/python3.10/site-packages/torch/__init__.py", line 38, in <module>
    from typing_extensions import ParamSpec as _ParamSpec
ModuleNotFoundError: No module named 'typing_extensions'
Completed sparse model on bbh

Running adaptive model on bbh...
Generation params: gen_length=1024, steps=1024, block_length=1024, block_size=128
Traceback (most recent call last):
  File "/home/qiheng/.local/bin/accelerate", line 5, in <module>
    from accelerate.commands.accelerate_cli import main
  File "/home/qiheng/.local/lib/python3.10/site-packages/accelerate/__init__.py", line 16, in <module>
    from .accelerator import Accelerator
  File "/home/qiheng/.local/lib/python3.10/site-packages/accelerate/accelerator.py", line 31, in <module>
    import torch
  File "/home/qiheng/.local/lib/python3.10/site-packages/torch/__init__.py", line 38, in <module>
    from typing_extensions import ParamSpec as _ParamSpec
ModuleNotFoundError: No module named 'typing_extensions'
Completed adaptive model on bbh

================================================
All evaluations completed for bbh
================================================
