================================================
Job ID: 341, Array ID: 3
Task: truthfulqa_mc2
================================================

Running standard model on truthfulqa_mc2...
PPL params: num_fewshot=0, mc_num=128, cfg=2.0, block_size=128
Traceback (most recent call last):
  File "/home/qiheng/.local/bin/accelerate", line 5, in <module>
    from accelerate.commands.accelerate_cli import main
  File "/home/qiheng/.local/lib/python3.10/site-packages/accelerate/__init__.py", line 16, in <module>
    from .accelerator import Accelerator
  File "/home/qiheng/.local/lib/python3.10/site-packages/accelerate/accelerator.py", line 31, in <module>
    import torch
  File "/home/qiheng/.local/lib/python3.10/site-packages/torch/__init__.py", line 38, in <module>
    from typing_extensions import ParamSpec as _ParamSpec
ModuleNotFoundError: No module named 'typing_extensions'
Completed standard model on truthfulqa_mc2

Running sparse model on truthfulqa_mc2...
PPL params: num_fewshot=0, mc_num=128, cfg=2.0, block_size=128
Traceback (most recent call last):
  File "/home/qiheng/.local/bin/accelerate", line 5, in <module>
    from accelerate.commands.accelerate_cli import main
  File "/home/qiheng/.local/lib/python3.10/site-packages/accelerate/__init__.py", line 16, in <module>
    from .accelerator import Accelerator
  File "/home/qiheng/.local/lib/python3.10/site-packages/accelerate/accelerator.py", line 31, in <module>
    import torch
  File "/home/qiheng/.local/lib/python3.10/site-packages/torch/__init__.py", line 38, in <module>
    from typing_extensions import ParamSpec as _ParamSpec
ModuleNotFoundError: No module named 'typing_extensions'
Completed sparse model on truthfulqa_mc2

Running adaptive model on truthfulqa_mc2...
PPL params: num_fewshot=0, mc_num=128, cfg=2.0, block_size=128
Traceback (most recent call last):
  File "/home/qiheng/.local/bin/accelerate", line 5, in <module>
    from accelerate.commands.accelerate_cli import main
  File "/home/qiheng/.local/lib/python3.10/site-packages/accelerate/__init__.py", line 16, in <module>
    from .accelerator import Accelerator
  File "/home/qiheng/.local/lib/python3.10/site-packages/accelerate/accelerator.py", line 31, in <module>
    import torch
  File "/home/qiheng/.local/lib/python3.10/site-packages/torch/__init__.py", line 38, in <module>
    from typing_extensions import ParamSpec as _ParamSpec
ModuleNotFoundError: No module named 'typing_extensions'
Completed adaptive model on truthfulqa_mc2

================================================
All evaluations completed for truthfulqa_mc2
================================================
